<?xml version="1.0" encoding="UTF-8"?>
<!-- Generated by org.testng.reporters.JUnitReportReporter -->
<testsuite skipped="0" hostname="DESKTOP-CVGVGU4" name="Test.eBaySignInTest" tests="1" failures="0" timestamp="26 Jul 2017 08:17:20 GMT" time="10.154" errors="0">
  <testcase name="SignInTest" time="10.154" classname="Test.eBaySignInTest"/>
</testsuite> <!-- Test.eBaySignInTest -->
